[2022-05-28 12:40:01.245] [error] TypeError: Object has been destroyed
    at WindowMain.<anonymous> (/usr/lib/bitwarden/app.asar/main.js:53332:36)
    at Generator.next (<anonymous>)
    at /usr/lib/bitwarden/app.asar/main.js:53146:71
    at new Promise (<anonymous>)
    at window_main_awaiter (/usr/lib/bitwarden/app.asar/main.js:53142:12)
    at WindowMain.updateWindowState (/usr/lib/bitwarden/app.asar/main.js:53327:16)
    at WindowMain.<anonymous> (/usr/lib/bitwarden/app.asar/main.js:53281:28)
    at Generator.next (<anonymous>)
    at /usr/lib/bitwarden/app.asar/main.js:53146:71
    at new Promise (<anonymous>)
[2022-05-28 15:52:20.360] [error] TypeError: Object has been destroyed
    at WindowMain.<anonymous> (/usr/lib/bitwarden/app.asar/main.js:53332:36)
    at Generator.next (<anonymous>)
    at /usr/lib/bitwarden/app.asar/main.js:53146:71
    at new Promise (<anonymous>)
    at window_main_awaiter (/usr/lib/bitwarden/app.asar/main.js:53142:12)
    at WindowMain.updateWindowState (/usr/lib/bitwarden/app.asar/main.js:53327:16)
    at WindowMain.<anonymous> (/usr/lib/bitwarden/app.asar/main.js:53281:28)
    at Generator.next (<anonymous>)
    at /usr/lib/bitwarden/app.asar/main.js:53146:71
    at new Promise (<anonymous>)
[2022-05-28 15:56:51.834] [error] TypeError: Object has been destroyed
    at WindowMain.<anonymous> (/usr/lib/bitwarden/app.asar/main.js:53332:36)
    at Generator.next (<anonymous>)
    at /usr/lib/bitwarden/app.asar/main.js:53146:71
    at new Promise (<anonymous>)
    at window_main_awaiter (/usr/lib/bitwarden/app.asar/main.js:53142:12)
    at WindowMain.updateWindowState (/usr/lib/bitwarden/app.asar/main.js:53327:16)
    at WindowMain.<anonymous> (/usr/lib/bitwarden/app.asar/main.js:53281:28)
    at Generator.next (<anonymous>)
    at /usr/lib/bitwarden/app.asar/main.js:53146:71
    at new Promise (<anonymous>)
[2022-05-28 19:33:12.880] [error] TypeError: Object has been destroyed
    at WindowMain.<anonymous> (/usr/lib/bitwarden/app.asar/main.js:53332:36)
    at Generator.next (<anonymous>)
    at /usr/lib/bitwarden/app.asar/main.js:53146:71
    at new Promise (<anonymous>)
    at window_main_awaiter (/usr/lib/bitwarden/app.asar/main.js:53142:12)
    at WindowMain.updateWindowState (/usr/lib/bitwarden/app.asar/main.js:53327:16)
    at WindowMain.<anonymous> (/usr/lib/bitwarden/app.asar/main.js:53281:28)
    at Generator.next (<anonymous>)
    at /usr/lib/bitwarden/app.asar/main.js:53146:71
    at new Promise (<anonymous>)
[2022-05-28 19:35:07.510] [error] TypeError: Object has been destroyed
    at WindowMain.<anonymous> (/usr/lib/bitwarden/app.asar/main.js:53332:36)
    at Generator.next (<anonymous>)
    at /usr/lib/bitwarden/app.asar/main.js:53146:71
    at new Promise (<anonymous>)
    at window_main_awaiter (/usr/lib/bitwarden/app.asar/main.js:53142:12)
    at WindowMain.updateWindowState (/usr/lib/bitwarden/app.asar/main.js:53327:16)
    at WindowMain.<anonymous> (/usr/lib/bitwarden/app.asar/main.js:53281:28)
    at Generator.next (<anonymous>)
    at /usr/lib/bitwarden/app.asar/main.js:53146:71
    at new Promise (<anonymous>)
[2022-05-28 20:20:39.362] [error] TypeError: Object has been destroyed
    at WindowMain.<anonymous> (/usr/lib/bitwarden/app.asar/main.js:53332:36)
    at Generator.next (<anonymous>)
    at /usr/lib/bitwarden/app.asar/main.js:53146:71
    at new Promise (<anonymous>)
    at window_main_awaiter (/usr/lib/bitwarden/app.asar/main.js:53142:12)
    at WindowMain.updateWindowState (/usr/lib/bitwarden/app.asar/main.js:53327:16)
    at WindowMain.<anonymous> (/usr/lib/bitwarden/app.asar/main.js:53281:28)
    at Generator.next (<anonymous>)
    at /usr/lib/bitwarden/app.asar/main.js:53146:71
    at new Promise (<anonymous>)
[2022-05-28 20:33:17.040] [error] TypeError: Object has been destroyed
    at WindowMain.<anonymous> (/usr/lib/bitwarden/app.asar/main.js:53332:36)
    at Generator.next (<anonymous>)
    at /usr/lib/bitwarden/app.asar/main.js:53146:71
    at new Promise (<anonymous>)
    at window_main_awaiter (/usr/lib/bitwarden/app.asar/main.js:53142:12)
    at WindowMain.updateWindowState (/usr/lib/bitwarden/app.asar/main.js:53327:16)
    at WindowMain.<anonymous> (/usr/lib/bitwarden/app.asar/main.js:53281:28)
    at Generator.next (<anonymous>)
    at /usr/lib/bitwarden/app.asar/main.js:53146:71
    at new Promise (<anonymous>)
